#! /c/Source/iverilog-install/bin/vvp
:ivl_version "12.0 (devel)" "(s20150603-1539-g2693dd32b)";
:ivl_delay_selection "TYPICAL";
:vpi_time_precision + 0;
:vpi_module "C:\iverilog\lib\ivl\system.vpi";
:vpi_module "C:\iverilog\lib\ivl\vhdl_sys.vpi";
:vpi_module "C:\iverilog\lib\ivl\vhdl_textio.vpi";
:vpi_module "C:\iverilog\lib\ivl\v2005_math.vpi";
:vpi_module "C:\iverilog\lib\ivl\va_math.vpi";
S_000001da1d2c2af0 .scope module, "test" "test" 2 2;
 .timescale 0 0;
    .port_info 0 /INPUT 8 "a";
    .port_info 1 /INPUT 8 "b";
    .port_info 2 /OUTPUT 8 "y";
o000001da1d2f73f8 .functor BUFZ 8, C4<zzzzzzzz>; HiZ drive
v000001da1d33c8c0_0 .net "a", 7 0, o000001da1d2f73f8;  0 drivers
o000001da1d2f7428 .functor BUFZ 8, C4<zzzzzzzz>; HiZ drive
v000001da1d33d400_0 .net "b", 7 0, o000001da1d2f7428;  0 drivers
v000001da1d33c3c0_0 .net "y", 7 0, L_000001da1d33cfa0;  1 drivers
L_000001da1d33c6e0 .part o000001da1d2f73f8, 0, 1;
L_000001da1d33dea0 .part o000001da1d2f7428, 0, 1;
L_000001da1d33caa0 .part o000001da1d2f73f8, 1, 1;
L_000001da1d33cf00 .part o000001da1d2f7428, 1, 1;
L_000001da1d33d0e0 .part o000001da1d2f73f8, 2, 1;
L_000001da1d33c460 .part o000001da1d2f7428, 2, 1;
L_000001da1d33d220 .part o000001da1d2f73f8, 3, 1;
L_000001da1d33c780 .part o000001da1d2f7428, 3, 1;
L_000001da1d33cb40 .part o000001da1d2f73f8, 4, 1;
L_000001da1d33d7c0 .part o000001da1d2f7428, 4, 1;
L_000001da1d33cbe0 .part o000001da1d2f73f8, 5, 1;
L_000001da1d33cc80 .part o000001da1d2f7428, 5, 1;
L_000001da1d33e080 .part o000001da1d2f73f8, 6, 1;
L_000001da1d33d4a0 .part o000001da1d2f7428, 6, 1;
LS_000001da1d33cfa0_0_0 .concat8 [ 1 1 1 1], L_000001da1d2f5550, L_000001da1d2ade60, L_000001da1d2ad810, L_000001da1d2f4e20;
LS_000001da1d33cfa0_0_4 .concat8 [ 1 1 1 1], L_000001da1d2f4ef0, L_000001da1d2c2e80, L_000001da1d33f2a0, L_000001da1d33f3f0;
L_000001da1d33cfa0 .concat8 [ 4 4 0 0], LS_000001da1d33cfa0_0_0, LS_000001da1d33cfa0_0_4;
L_000001da1d33d540 .part o000001da1d2f73f8, 7, 1;
L_000001da1d33cd20 .part o000001da1d2f7428, 7, 1;
S_000001da1d2c2c80 .scope generate, "genblk1[0]" "genblk1[0]" 2 11, 2 11 0, S_000001da1d2c2af0;
 .timescale 0 0;
P_000001da1d2aa5f0 .param/l "i" 0 2 11, +C4<00>;
L_000001da1d2f5550 .functor XOR 1, L_000001da1d33c6e0, L_000001da1d33dea0, C4<0>, C4<0>;
v000001da1d2e59d0_0 .net *"_ivl_0", 0 0, L_000001da1d33c6e0;  1 drivers
v000001da1d2e5890_0 .net *"_ivl_1", 0 0, L_000001da1d33dea0;  1 drivers
v000001da1d2e51b0_0 .net *"_ivl_2", 0 0, L_000001da1d2f5550;  1 drivers
S_000001da1d2f4560 .scope generate, "genblk1[1]" "genblk1[1]" 2 11, 2 11 0, S_000001da1d2c2af0;
 .timescale 0 0;
P_000001da1d2aabf0 .param/l "i" 0 2 11, +C4<01>;
L_000001da1d2ade60 .functor XOR 1, L_000001da1d33caa0, L_000001da1d33cf00, C4<0>, C4<0>;
v000001da1d2e5750_0 .net *"_ivl_0", 0 0, L_000001da1d33caa0;  1 drivers
v000001da1d2e5a70_0 .net *"_ivl_1", 0 0, L_000001da1d33cf00;  1 drivers
v000001da1d2e5bb0_0 .net *"_ivl_2", 0 0, L_000001da1d2ade60;  1 drivers
S_000001da1d2f46f0 .scope generate, "genblk1[2]" "genblk1[2]" 2 11, 2 11 0, S_000001da1d2c2af0;
 .timescale 0 0;
P_000001da1d2aab30 .param/l "i" 0 2 11, +C4<010>;
L_000001da1d2ad810 .functor XOR 1, L_000001da1d33d0e0, L_000001da1d33c460, C4<0>, C4<0>;
v000001da1d2e52f0_0 .net *"_ivl_0", 0 0, L_000001da1d33d0e0;  1 drivers
v000001da1d2e5c50_0 .net *"_ivl_1", 0 0, L_000001da1d33c460;  1 drivers
v000001da1d2e5cf0_0 .net *"_ivl_2", 0 0, L_000001da1d2ad810;  1 drivers
S_000001da1d2f4880 .scope generate, "genblk1[3]" "genblk1[3]" 2 11, 2 11 0, S_000001da1d2c2af0;
 .timescale 0 0;
P_000001da1d2aabb0 .param/l "i" 0 2 11, +C4<011>;
L_000001da1d2f4e20 .functor XOR 1, L_000001da1d33d220, L_000001da1d33c780, C4<0>, C4<0>;
v000001da1d2e5ed0_0 .net *"_ivl_0", 0 0, L_000001da1d33d220;  1 drivers
v000001da1d2e4fd0_0 .net *"_ivl_1", 0 0, L_000001da1d33c780;  1 drivers
v000001da1d2e5070_0 .net *"_ivl_2", 0 0, L_000001da1d2f4e20;  1 drivers
S_000001da1d33c000 .scope generate, "genblk1[4]" "genblk1[4]" 2 11, 2 11 0, S_000001da1d2c2af0;
 .timescale 0 0;
P_000001da1d2aab70 .param/l "i" 0 2 11, +C4<0100>;
L_000001da1d2f4ef0 .functor XOR 1, L_000001da1d33cb40, L_000001da1d33d7c0, C4<0>, C4<0>;
v000001da1d2e5250_0 .net *"_ivl_0", 0 0, L_000001da1d33cb40;  1 drivers
v000001da1d33cdc0_0 .net *"_ivl_1", 0 0, L_000001da1d33d7c0;  1 drivers
v000001da1d33d360_0 .net *"_ivl_2", 0 0, L_000001da1d2f4ef0;  1 drivers
S_000001da1d33e1a0 .scope generate, "genblk1[5]" "genblk1[5]" 2 11, 2 11 0, S_000001da1d2c2af0;
 .timescale 0 0;
P_000001da1d2aaf30 .param/l "i" 0 2 11, +C4<0101>;
L_000001da1d2c2e80 .functor XOR 1, L_000001da1d33cbe0, L_000001da1d33cc80, C4<0>, C4<0>;
v000001da1d33d860_0 .net *"_ivl_0", 0 0, L_000001da1d33cbe0;  1 drivers
v000001da1d33db80_0 .net *"_ivl_1", 0 0, L_000001da1d33cc80;  1 drivers
v000001da1d33d040_0 .net *"_ivl_2", 0 0, L_000001da1d2c2e80;  1 drivers
S_000001da1d33e330 .scope generate, "genblk1[6]" "genblk1[6]" 2 11, 2 11 0, S_000001da1d2c2af0;
 .timescale 0 0;
P_000001da1d2aae30 .param/l "i" 0 2 11, +C4<0110>;
L_000001da1d33f2a0 .functor XOR 1, L_000001da1d33e080, L_000001da1d33d4a0, C4<0>, C4<0>;
v000001da1d33dfe0_0 .net *"_ivl_0", 0 0, L_000001da1d33e080;  1 drivers
v000001da1d33c820_0 .net *"_ivl_1", 0 0, L_000001da1d33d4a0;  1 drivers
v000001da1d33d900_0 .net *"_ivl_2", 0 0, L_000001da1d33f2a0;  1 drivers
S_000001da1d33e4c0 .scope generate, "genblk1[7]" "genblk1[7]" 2 11, 2 11 0, S_000001da1d2c2af0;
 .timescale 0 0;
P_000001da1d2aac30 .param/l "i" 0 2 11, +C4<0111>;
L_000001da1d33f3f0 .functor XOR 1, L_000001da1d33d540, L_000001da1d33cd20, C4<0>, C4<0>;
v000001da1d33c960_0 .net *"_ivl_0", 0 0, L_000001da1d33d540;  1 drivers
v000001da1d33ce60_0 .net *"_ivl_1", 0 0, L_000001da1d33cd20;  1 drivers
v000001da1d33ca00_0 .net *"_ivl_2", 0 0, L_000001da1d33f3f0;  1 drivers
# The file index is used to find the file name in the following table.
:file_names 3;
    "N/A";
    "<interactive>";
    ".\test.v";
